[2024-02-03 15:49:16]  ----- BEGIN -----
[2024-02-03 15:49:16]  Old version 
[2024-02-04 15:18:15]  ----- BEGIN -----
[2024-02-04 15:18:15]  Old version 2.2.7
[2024-02-04 15:18:15]  Migrations found: 
[2024-02-04 15:18:15]  ArContactusUpgrade_157.php
[2024-02-04 15:18:15]  ArContactusUpgrade_160.php
[2024-02-04 15:18:15]  ArContactusUpgrade_180.php
[2024-02-04 15:18:15]  ArContactusUpgrade_182.php
[2024-02-04 15:18:15]  ArContactusUpgrade_195.php
[2024-02-04 15:18:15]  ArContactusUpgrade_199.php
[2024-02-04 15:18:15]  ArContactusUpgrade_200.php
[2024-02-04 15:18:15]  ArContactusUpgrade_211.php
[2024-02-04 15:18:15]  ArContactusUpgrade_223.php
[2024-02-04 15:18:15]  Store plugin version 2.2.7
[2024-02-04 15:18:15]  ----- END -----

[2024-02-04 15:18:24]  ----- BEGIN -----
[2024-02-04 15:18:24]  Old version 2.2.7
[2024-02-04 15:18:24]  Migrations found: 
[2024-02-04 15:18:24]  ArContactusUpgrade_157.php
[2024-02-04 15:18:24]  ArContactusUpgrade_160.php
[2024-02-04 15:18:24]  ArContactusUpgrade_180.php
[2024-02-04 15:18:24]  ArContactusUpgrade_182.php
[2024-02-04 15:18:24]  ArContactusUpgrade_195.php
[2024-02-04 15:18:24]  ArContactusUpgrade_199.php
[2024-02-04 15:18:24]  ArContactusUpgrade_200.php
[2024-02-04 15:18:24]  ArContactusUpgrade_211.php
[2024-02-04 15:18:24]  ArContactusUpgrade_223.php
[2024-02-04 15:18:24]  Store plugin version 2.2.7
[2024-02-04 15:18:24]  ----- END -----

[2024-02-05 14:54:21]  ----- BEGIN -----
[2024-02-05 14:54:21]  Old version 2.2.7
[2024-02-05 14:54:21]  Migrations found: 
[2024-02-05 14:54:21]  ArContactusUpgrade_157.php
[2024-02-05 14:54:21]  ArContactusUpgrade_160.php
[2024-02-05 14:54:21]  ArContactusUpgrade_180.php
[2024-02-05 14:54:21]  ArContactusUpgrade_182.php
[2024-02-05 14:54:21]  ArContactusUpgrade_195.php
[2024-02-05 14:54:21]  ArContactusUpgrade_199.php
[2024-02-05 14:54:21]  ArContactusUpgrade_200.php
[2024-02-05 14:54:21]  ArContactusUpgrade_211.php
[2024-02-05 14:54:21]  ArContactusUpgrade_223.php
[2024-02-05 14:54:21]  Store plugin version 2.2.7
[2024-02-05 14:54:21]  ----- END -----

[2024-02-05 14:54:38]  ----- BEGIN -----
[2024-02-05 14:54:38]  Old version 2.2.7
[2024-02-05 14:54:38]  Migrations found: 
[2024-02-05 14:54:38]  ArContactusUpgrade_157.php
[2024-02-05 14:54:38]  ArContactusUpgrade_160.php
[2024-02-05 14:54:38]  ArContactusUpgrade_180.php
[2024-02-05 14:54:38]  ArContactusUpgrade_182.php
[2024-02-05 14:54:38]  ArContactusUpgrade_195.php
[2024-02-05 14:54:38]  ArContactusUpgrade_199.php
[2024-02-05 14:54:38]  ArContactusUpgrade_200.php
[2024-02-05 14:54:38]  ArContactusUpgrade_211.php
[2024-02-05 14:54:38]  ArContactusUpgrade_223.php
[2024-02-05 14:54:38]  Store plugin version 2.2.7
[2024-02-05 14:54:38]  ----- END -----

[2024-02-26 04:09:27]  ----- BEGIN -----
[2024-02-26 04:09:27]  Old version 2.2.7
[2024-02-26 04:09:27]  Migrations found: 
[2024-02-26 04:09:27]  ArContactusUpgrade_157.php
[2024-02-26 04:09:27]  ArContactusUpgrade_160.php
[2024-02-26 04:09:27]  ArContactusUpgrade_180.php
[2024-02-26 04:09:27]  ArContactusUpgrade_182.php
[2024-02-26 04:09:27]  ArContactusUpgrade_195.php
[2024-02-26 04:09:27]  ArContactusUpgrade_199.php
[2024-02-26 04:09:27]  ArContactusUpgrade_200.php
[2024-02-26 04:09:27]  ArContactusUpgrade_211.php
[2024-02-26 04:09:27]  ArContactusUpgrade_223.php
[2024-02-26 04:09:27]  Store plugin version 2.2.7
[2024-02-26 04:09:27]  ----- END -----

[2024-02-26 07:26:22]  ----- BEGIN -----
[2024-02-26 07:26:22]  Old version 2.2.7
[2024-02-26 07:26:22]  Migrations found: 
[2024-02-26 07:26:22]  ArContactusUpgrade_157.php
[2024-02-26 07:26:22]  ArContactusUpgrade_160.php
[2024-02-26 07:26:22]  ArContactusUpgrade_180.php
[2024-02-26 07:26:22]  ArContactusUpgrade_182.php
[2024-02-26 07:26:22]  ArContactusUpgrade_195.php
[2024-02-26 07:26:22]  ArContactusUpgrade_199.php
[2024-02-26 07:26:22]  ArContactusUpgrade_200.php
[2024-02-26 07:26:22]  ArContactusUpgrade_211.php
[2024-02-26 07:26:22]  ArContactusUpgrade_223.php
[2024-02-26 07:26:22]  Store plugin version 2.2.7
[2024-02-26 07:26:22]  ----- END -----

[2024-11-14 09:59:36]  ----- BEGIN -----
[2024-11-14 09:59:36]  Old version 2.2.7
[2024-11-14 09:59:36]  Migrations found: 
[2024-11-14 09:59:36]  ArContactusUpgrade_157.php
[2024-11-14 09:59:36]  ArContactusUpgrade_160.php
[2024-11-14 09:59:36]  ArContactusUpgrade_180.php
[2024-11-14 09:59:36]  ArContactusUpgrade_182.php
[2024-11-14 09:59:36]  ArContactusUpgrade_195.php
[2024-11-14 09:59:36]  ArContactusUpgrade_199.php
[2024-11-14 09:59:36]  ArContactusUpgrade_200.php
[2024-11-14 09:59:36]  ArContactusUpgrade_211.php
[2024-11-14 09:59:36]  ArContactusUpgrade_223.php
[2024-11-14 09:59:36]  Store plugin version 2.2.7
[2024-11-14 09:59:36]  ----- END -----

[2024-11-14 10:01:57]  ----- BEGIN -----
[2024-11-14 10:01:57]  Old version 2.2.7
[2024-11-14 10:01:57]  Migrations found: 
[2024-11-14 10:01:57]  ArContactusUpgrade_157.php
[2024-11-14 10:01:57]  ArContactusUpgrade_160.php
[2024-11-14 10:01:57]  ArContactusUpgrade_180.php
[2024-11-14 10:01:57]  ArContactusUpgrade_182.php
[2024-11-14 10:01:57]  ArContactusUpgrade_195.php
[2024-11-14 10:01:57]  ArContactusUpgrade_199.php
[2024-11-14 10:01:57]  ArContactusUpgrade_200.php
[2024-11-14 10:01:57]  ArContactusUpgrade_211.php
[2024-11-14 10:01:57]  ArContactusUpgrade_223.php
[2024-11-14 10:01:57]  Store plugin version 2.2.7
[2024-11-14 10:01:57]  ----- END -----

[2024-11-18 02:10:37]  ----- BEGIN -----
[2024-11-18 02:10:37]  Old version 2.2.7
[2024-11-18 02:10:37]  Migrations found: 
[2024-11-18 02:10:37]  ArContactusUpgrade_157.php
[2024-11-18 02:10:37]  ArContactusUpgrade_160.php
[2024-11-18 02:10:37]  ArContactusUpgrade_180.php
[2024-11-18 02:10:37]  ArContactusUpgrade_182.php
[2024-11-18 02:10:37]  ArContactusUpgrade_195.php
[2024-11-18 02:10:37]  ArContactusUpgrade_199.php
[2024-11-18 02:10:37]  ArContactusUpgrade_200.php
[2024-11-18 02:10:37]  ArContactusUpgrade_211.php
[2024-11-18 02:10:37]  ArContactusUpgrade_223.php
[2024-11-18 02:10:37]  Store plugin version 2.2.7
[2024-11-18 02:10:37]  ----- END -----

[2024-11-18 04:24:19]  ----- BEGIN -----
[2024-11-18 04:24:19]  Old version 2.2.7
[2024-11-18 04:24:19]  Migrations found: 
[2024-11-18 04:24:19]  ArContactusUpgrade_157.php
[2024-11-18 04:24:19]  ArContactusUpgrade_160.php
[2024-11-18 04:24:19]  ArContactusUpgrade_180.php
[2024-11-18 04:24:19]  ArContactusUpgrade_182.php
[2024-11-18 04:24:19]  ArContactusUpgrade_195.php
[2024-11-18 04:24:19]  ArContactusUpgrade_199.php
[2024-11-18 04:24:19]  ArContactusUpgrade_200.php
[2024-11-18 04:24:19]  ArContactusUpgrade_211.php
[2024-11-18 04:24:19]  ArContactusUpgrade_223.php
[2024-11-18 04:24:20]  Store plugin version 2.2.7
[2024-11-18 04:24:20]  ----- END -----

[2024-11-18 04:24:27]  ----- BEGIN -----
[2024-11-18 04:24:27]  Old version 2.2.7
[2024-11-18 04:24:27]  Migrations found: 
[2024-11-18 04:24:27]  ArContactusUpgrade_157.php
[2024-11-18 04:24:27]  ArContactusUpgrade_160.php
[2024-11-18 04:24:27]  ArContactusUpgrade_180.php
[2024-11-18 04:24:27]  ArContactusUpgrade_182.php
[2024-11-18 04:24:27]  ArContactusUpgrade_195.php
[2024-11-18 04:24:27]  ArContactusUpgrade_199.php
[2024-11-18 04:24:27]  ArContactusUpgrade_200.php
[2024-11-18 04:24:27]  ArContactusUpgrade_211.php
[2024-11-18 04:24:27]  ArContactusUpgrade_223.php
[2024-11-18 04:24:27]  Store plugin version 2.2.7
[2024-11-18 04:24:27]  ----- END -----

[2024-12-15 09:05:27]  ----- BEGIN -----
[2024-12-15 09:05:27]  Old version 2.2.7
[2024-12-15 09:05:27]  Migrations found: 
[2024-12-15 09:05:27]  ArContactusUpgrade_157.php
[2024-12-15 09:05:27]  ArContactusUpgrade_160.php
[2024-12-15 09:05:27]  ArContactusUpgrade_180.php
[2024-12-15 09:05:27]  ArContactusUpgrade_182.php
[2024-12-15 09:05:27]  ArContactusUpgrade_195.php
[2024-12-15 09:05:27]  ArContactusUpgrade_199.php
[2024-12-15 09:05:27]  ArContactusUpgrade_200.php
[2024-12-15 09:05:27]  ArContactusUpgrade_211.php
[2024-12-15 09:05:27]  ArContactusUpgrade_223.php
[2024-12-15 09:05:27]  Store plugin version 2.2.7
[2024-12-15 09:05:27]  ----- END -----

[2024-12-15 09:14:24]  ----- BEGIN -----
[2024-12-15 09:14:24]  Old version 2.2.7
[2024-12-15 09:14:24]  Migrations found: 
[2024-12-15 09:14:24]  ArContactusUpgrade_157.php
[2024-12-15 09:14:24]  ArContactusUpgrade_160.php
[2024-12-15 09:14:24]  ArContactusUpgrade_180.php
[2024-12-15 09:14:24]  ArContactusUpgrade_182.php
[2024-12-15 09:14:24]  ArContactusUpgrade_195.php
[2024-12-15 09:14:24]  ArContactusUpgrade_199.php
[2024-12-15 09:14:24]  ArContactusUpgrade_200.php
[2024-12-15 09:14:24]  ArContactusUpgrade_211.php
[2024-12-15 09:14:24]  ArContactusUpgrade_223.php
[2024-12-15 09:14:24]  Store plugin version 2.2.7
[2024-12-15 09:14:24]  ----- END -----

[2024-12-15 09:14:32]  ----- BEGIN -----
[2024-12-15 09:14:32]  Old version 2.2.7
[2024-12-15 09:14:32]  Migrations found: 
[2024-12-15 09:14:32]  ArContactusUpgrade_157.php
[2024-12-15 09:14:32]  ArContactusUpgrade_160.php
[2024-12-15 09:14:32]  ArContactusUpgrade_180.php
[2024-12-15 09:14:32]  ArContactusUpgrade_182.php
[2024-12-15 09:14:32]  ArContactusUpgrade_195.php
[2024-12-15 09:14:32]  ArContactusUpgrade_199.php
[2024-12-15 09:14:32]  ArContactusUpgrade_200.php
[2024-12-15 09:14:32]  ArContactusUpgrade_211.php
[2024-12-15 09:14:32]  ArContactusUpgrade_223.php
[2024-12-15 09:14:32]  Store plugin version 2.2.7
[2024-12-15 09:14:32]  ----- END -----

[2024-12-22 13:58:17]  ----- BEGIN -----
[2024-12-22 13:58:17]  Old version 2.2.7
[2024-12-22 13:58:17]  Migrations found: 
[2024-12-22 13:58:17]  ArContactusUpgrade_157.php
[2024-12-22 13:58:17]  ArContactusUpgrade_160.php
[2024-12-22 13:58:17]  ArContactusUpgrade_180.php
[2024-12-22 13:58:17]  ArContactusUpgrade_182.php
[2024-12-22 13:58:17]  ArContactusUpgrade_195.php
[2024-12-22 13:58:17]  ArContactusUpgrade_199.php
[2024-12-22 13:58:17]  ArContactusUpgrade_200.php
[2024-12-22 13:58:17]  ArContactusUpgrade_211.php
[2024-12-22 13:58:17]  ArContactusUpgrade_223.php
[2024-12-22 13:58:17]  Store plugin version 2.2.7
[2024-12-22 13:58:17]  ----- END -----

[2024-12-22 13:58:26]  ----- BEGIN -----
[2024-12-22 13:58:26]  Old version 2.2.7
[2024-12-22 13:58:26]  Migrations found: 
[2024-12-22 13:58:26]  ArContactusUpgrade_157.php
[2024-12-22 13:58:26]  ArContactusUpgrade_160.php
[2024-12-22 13:58:26]  ArContactusUpgrade_180.php
[2024-12-22 13:58:26]  ArContactusUpgrade_182.php
[2024-12-22 13:58:26]  ArContactusUpgrade_195.php
[2024-12-22 13:58:26]  ArContactusUpgrade_199.php
[2024-12-22 13:58:26]  ArContactusUpgrade_200.php
[2024-12-22 13:58:26]  ArContactusUpgrade_211.php
[2024-12-22 13:58:26]  ArContactusUpgrade_223.php
[2024-12-22 13:58:26]  Store plugin version 2.2.7
[2024-12-22 13:58:26]  ----- END -----

[2024-12-22 14:09:18]  ----- BEGIN -----
[2024-12-22 14:09:18]  Old version 2.2.7
[2024-12-22 14:09:18]  Migrations found: 
[2024-12-22 14:09:18]  ArContactusUpgrade_157.php
[2024-12-22 14:09:18]  ArContactusUpgrade_160.php
[2024-12-22 14:09:18]  ArContactusUpgrade_180.php
[2024-12-22 14:09:18]  ArContactusUpgrade_182.php
[2024-12-22 14:09:18]  ArContactusUpgrade_195.php
[2024-12-22 14:09:18]  ArContactusUpgrade_199.php
[2024-12-22 14:09:18]  ArContactusUpgrade_200.php
[2024-12-22 14:09:18]  ArContactusUpgrade_211.php
[2024-12-22 14:09:18]  ArContactusUpgrade_223.php
[2024-12-22 14:09:18]  Store plugin version 2.2.7
[2024-12-22 14:09:18]  ----- END -----

[2024-12-22 14:09:26]  ----- BEGIN -----
[2024-12-22 14:09:26]  Old version 2.2.7
[2024-12-22 14:09:26]  Migrations found: 
[2024-12-22 14:09:26]  ArContactusUpgrade_157.php
[2024-12-22 14:09:26]  ArContactusUpgrade_160.php
[2024-12-22 14:09:26]  ArContactusUpgrade_180.php
[2024-12-22 14:09:26]  ArContactusUpgrade_182.php
[2024-12-22 14:09:26]  ArContactusUpgrade_195.php
[2024-12-22 14:09:26]  ArContactusUpgrade_199.php
[2024-12-22 14:09:26]  ArContactusUpgrade_200.php
[2024-12-22 14:09:26]  ArContactusUpgrade_211.php
[2024-12-22 14:09:26]  ArContactusUpgrade_223.php
[2024-12-22 14:09:26]  Store plugin version 2.2.7
[2024-12-22 14:09:26]  ----- END -----

[2024-12-22 14:52:53]  ----- BEGIN -----
[2024-12-22 14:52:53]  Old version 2.2.7
[2024-12-22 14:52:53]  Migrations found: 
[2024-12-22 14:52:53]  ArContactusUpgrade_157.php
[2024-12-22 14:52:53]  ArContactusUpgrade_160.php
[2024-12-22 14:52:53]  ArContactusUpgrade_180.php
[2024-12-22 14:52:53]  ArContactusUpgrade_182.php
[2024-12-22 14:52:53]  ArContactusUpgrade_195.php
[2024-12-22 14:52:53]  ArContactusUpgrade_199.php
[2024-12-22 14:52:53]  ArContactusUpgrade_200.php
[2024-12-22 14:52:53]  ArContactusUpgrade_211.php
[2024-12-22 14:52:53]  ArContactusUpgrade_223.php
[2024-12-22 14:52:53]  Store plugin version 2.2.7
[2024-12-22 14:52:53]  ----- END -----

[2025-01-08 09:48:38]  ----- BEGIN -----
[2025-01-08 09:48:38]  Old version 2.2.7
[2025-01-08 09:48:38]  Migrations found: 
[2025-01-08 09:48:38]  ArContactusUpgrade_157.php
[2025-01-08 09:48:38]  ArContactusUpgrade_160.php
[2025-01-08 09:48:38]  ArContactusUpgrade_180.php
[2025-01-08 09:48:38]  ArContactusUpgrade_182.php
[2025-01-08 09:48:38]  ArContactusUpgrade_195.php
[2025-01-08 09:48:38]  ArContactusUpgrade_199.php
[2025-01-08 09:48:38]  ArContactusUpgrade_200.php
[2025-01-08 09:48:38]  ArContactusUpgrade_211.php
[2025-01-08 09:48:38]  ArContactusUpgrade_223.php
[2025-01-08 09:48:38]  Store plugin version 2.2.7
[2025-01-08 09:48:38]  ----- END -----

