[2024-08-24 06:50:58] merlin-logger.DEBUG: The welcome step has been displayed [] []
[2024-08-24 06:51:00] merlin-logger.DEBUG: The license activation step has been displayed [] []
[2024-08-24 06:51:02] merlin-logger.DEBUG: The plugin installation step has been displayed [] []
[2024-08-24 06:51:04] merlin-logger.DEBUG: A plugin with the following data will be processed {"plugin_slug":"bravis-addons","message":"Installing"} []
[2024-08-24 06:51:16] merlin-logger.DEBUG: A plugin with the following data was processed {"plugin_slug":"bravis-addons"} []
[2024-08-24 06:51:16] merlin-logger.DEBUG: A plugin with the following data will be processed {"plugin_slug":"contact-form-7","message":"Installing"} []
[2024-08-24 06:51:24] merlin-logger.DEBUG: A plugin with the following data was processed {"plugin_slug":"contact-form-7"} []
[2024-08-24 06:51:24] merlin-logger.DEBUG: A plugin with the following data will be processed {"plugin_slug":"cf7-multi-step","message":"Installing"} []
[2024-08-24 06:51:31] merlin-logger.DEBUG: A plugin with the following data was processed {"plugin_slug":"cf7-multi-step"} []
[2024-08-24 06:51:31] merlin-logger.DEBUG: A plugin with the following data will be processed {"plugin_slug":"elementor","message":"Installing"} []
[2024-08-24 06:51:41] merlin-logger.DEBUG: A plugin with the following data was processed {"plugin_slug":"elementor"} []
[2024-08-24 06:51:41] merlin-logger.DEBUG: A plugin with the following data will be processed {"plugin_slug":"redux-framework","message":"Installing"} []
[2024-08-24 06:51:51] merlin-logger.DEBUG: A plugin with the following data was processed {"plugin_slug":"redux-framework"} []
[2024-08-24 06:51:51] merlin-logger.DEBUG: A plugin with the following data will be processed {"plugin_slug":"woocommerce","message":"Installing"} []
[2024-08-24 06:52:04] merlin-logger.DEBUG: A plugin with the following data was processed {"plugin_slug":"woocommerce"} []
[2024-08-24 06:52:04] merlin-logger.DEBUG: A plugin with the following data will be processed {"plugin_slug":"ultimate-addons-for-contact-form-7","message":"Installing"} []
[2024-08-24 06:52:13] merlin-logger.DEBUG: A plugin with the following data was processed {"plugin_slug":"ultimate-addons-for-contact-form-7"} []
[2024-08-24 06:52:14] merlin-logger.DEBUG: A plugin with the following data will be processed {"plugin_slug":"woo-smart-compare","message":"Installing"} []
[2024-08-24 06:52:21] merlin-logger.DEBUG: A plugin with the following data was processed {"plugin_slug":"woo-smart-compare"} []
[2024-08-24 06:52:21] merlin-logger.DEBUG: A plugin with the following data will be processed {"plugin_slug":"revslider","message":"Installing"} []
[2024-08-24 06:52:46] merlin-logger.DEBUG: A plugin with the following data was processed {"plugin_slug":"revslider"} []
[2024-08-24 06:52:48] merlin-logger.DEBUG: A plugin with the following data was processed {"plugin_slug":"revslider"} []
[2024-08-24 06:52:48] merlin-logger.DEBUG: A plugin with the following data will be processed {"plugin_slug":"woo-smart-wishlist","message":"Installing"} []
[2024-08-24 06:52:54] merlin-logger.DEBUG: A plugin with the following data was processed {"plugin_slug":"woo-smart-wishlist"} []
[2024-08-24 06:53:00] merlin-logger.DEBUG: The content import step has been displayed [] []
[2024-08-24 06:53:59] merlin-logger.DEBUG: The final step has been displayed [] []
